<?xml version="1.0" encoding="utf-8"?><testsuites name="pytest tests"><testsuite name="pytest" errors="0" failures="0" skipped="0" tests="12" time="4.217" timestamp="2026-06-22T05:51:39.679055+00:00" hostname="agent-env-24aa31ee-66f8-44f1-a364-4bff56407184"><testcase classname="backend.tests.test_cargo_ops" name="test_health" time="0.190" /><testcase classname="backend.tests.test_cargo_ops" name="test_create_list_get_patch_trip" time="0.222" /><testcase classname="backend.tests.test_cargo_ops" name="test_verify_pin" time="0.179" /><testcase classname="backend.tests.test_cargo_ops" name="test_delete_trip_cascades" time="0.264" /><testcase classname="backend.tests.test_cargo_ops" name="test_truck_limit_10" time="0.586" /><testcase classname="backend.tests.test_cargo_ops" name="test_truck_update_and_delete_cascades" time="0.419" /><testcase classname="backend.tests.test_cargo_ops" name="test_seller_color_auto_assign_cycle" time="0.601" /><testcase classname="backend.tests.test_cargo_ops" name="test_seller_update_flags" time="0.416" /><testcase classname="backend.tests.test_cargo_ops" name="test_seed_coordinators_idempotent" time="0.162" /><testcase classname="backend.tests.test_cargo_ops" name="test_create_coordinator" time="0.167" /><testcase classname="backend.tests.test_cargo_ops" name="test_manifest_aggregation_and_earnings" time="0.815" /><testcase classname="backend.tests.test_cargo_ops" name="test_manifest_404" time="0.041" /></testsuite></testsuites>